<?xml version="1.0" encoding="UTF-8"?>
<!-- Generated by org.testng.reporters.JUnitReportReporter -->
<testsuite hostname="Dmitriis-MBP.Dlink" failures="0" tests="3" name="ApiServicesTests" time="0.070" errors="0" timestamp="04 Oct 2020 13:16:42 GMT" skipped="0">
  <testcase classname="ApiServicesTests" name="checkTheNameOfTheServiceProduct" time="0.019"/>
  <testcase classname="ApiServicesTests" name="checkTheNameOfTheServiceProduct" time="0.019"/>
  <testcase classname="ApiServicesTests" name="checkTheNameOfTheServiceProduct" time="0.032"/>
</testsuite> <!-- ApiServicesTests -->
